<?xml version="1.0" encoding="UTF-8"?>
<testng-results ignored="0" total="1" passed="1" failed="0" skipped="0">
  <reporter-output>
  </reporter-output>
  <suite started-at="2022-05-26T22:46:37 EDT" name="All Test Suite" finished-at="2022-05-26T22:47:04 EDT" duration-ms="27625">
    <groups>
    </groups>
    <test started-at="2022-05-26T22:46:37 EDT" name="D:/Users/sreej/IdeaProjects/OrangeHRMP_Project/src/test/java/org/google/OrangeHRMTest.java" finished-at="2022-05-26T22:47:04 EDT" duration-ms="27625">
      <class name="org.google.OrangeHRMTest">
        <test-method signature="FinalProject()[pri:0, instance:org.google.OrangeHRMTest@2a32de6c]" started-at="2022-05-26T22:46:37 EDT" name="FinalProject" finished-at="2022-05-26T22:47:04 EDT" duration-ms="27594" status="PASS">
          <reporter-output>
          </reporter-output>
        </test-method> <!-- FinalProject -->
      </class> <!-- org.google.OrangeHRMTest -->
    </test> <!-- D:/Users/sreej/IdeaProjects/OrangeHRMP_Project/src/test/java/org/google/OrangeHRMTest.java -->
  </suite> <!-- All Test Suite -->
</testng-results>
